<?xml version="1.0" encoding="UTF-8"?>
<!-- Generated by org.testng.reporters.JUnitReportReporter -->
<testsuite hostname="IN-HL5L1J3" failures="0" tests="1" name="com.MySeleniumMavenAssignment.tests.HelpTest" time="7.855" errors="0" timestamp="21 Jul 2023 08:27:34 GMT" skipped="0">
  <testcase classname="com.MySeleniumMavenAssignment.tests.HelpTest" name="Help" time="7.855"/>
</testsuite> <!-- com.MySeleniumMavenAssignment.tests.HelpTest -->
