<?xml version="1.0" encoding="UTF-8"?>
<!-- Generated by org.testng.reporters.JUnitReportReporter -->
<testsuite hostname="IN-HL5L1J3" failures="0" tests="1" name="com.MySeleniumMavenAssignment.tests.ShoppingCartTest" time="12.264" errors="0" timestamp="10 Apr 2022 13:02:36 GMT" skipped="0">
  <testcase classname="com.MySeleniumMavenAssignment.tests.ShoppingCartTest" name="AddToCart" time="12.264"/>
</testsuite> <!-- com.MySeleniumMavenAssignment.tests.ShoppingCartTest -->
